<?xml version="1.0" encoding="UTF-8"?>
<!-- Generated by org.testng.reporters.JUnitReportReporter -->
<testsuite ignored="0" hostname="Monojs-MacBook-Air.local" failures="0" tests="1" name="test.CreateNewAccountPageTest" time="5.940" errors="0" timestamp="03 Mar 2023 20:26:23 GMT" skipped="0">
  <testcase classname="test.CreateNewAccountPageTest" name="createaccountpagetest" time="5.940"/>
</testsuite> <!-- test.CreateNewAccountPageTest -->
