<?xml version="1.0" encoding="UTF-8"?>
<!-- Generated by org.testng.reporters.JUnitReportReporter -->
<testsuite ignored="0" hostname="Monojs-MacBook-Air.local" failures="0" tests="1" name="test.HomePageTest" time="0.926" errors="0" timestamp="03 Mar 2023 20:07:13 GMT" skipped="0">
  <testcase classname="test.HomePageTest" name="homepepagetest" time="0.926"/>
</testsuite> <!-- test.HomePageTest -->
